0 info it worked if it ends with ok
1 verbose cli [ '/Users/jeffdoan/Projects/nvm/v0.10.36/bin/node',
1 verbose cli   '/Users/jeffdoan/Projects/nvm/v0.10.36/bin/npm',
1 verbose cli   'install' ]
2 info using npm@1.4.28
3 info using node@v0.10.36
4 error install Couldn't read dependencies
5 error Error: Invalid name: "My App"
5 error     at ensureValidName (/Users/jeffdoan/Projects/nvm/v0.10.36/lib/node_modules/npm/node_modules/read-package-json/node_modules/normalize-package-data/lib/fixer.js:315:15)
5 error     at Object.module.exports.fixNameField (/Users/jeffdoan/Projects/nvm/v0.10.36/lib/node_modules/npm/node_modules/read-package-json/node_modules/normalize-package-data/lib/fixer.js:204:5)
5 error     at /Users/jeffdoan/Projects/nvm/v0.10.36/lib/node_modules/npm/node_modules/read-package-json/node_modules/normalize-package-data/lib/normalize.js:30:38
5 error     at Array.forEach (native)
5 error     at normalize (/Users/jeffdoan/Projects/nvm/v0.10.36/lib/node_modules/npm/node_modules/read-package-json/node_modules/normalize-package-data/lib/normalize.js:29:15)
5 error     at final (/Users/jeffdoan/Projects/nvm/v0.10.36/lib/node_modules/npm/node_modules/read-package-json/read-json.js:342:33)
5 error     at then (/Users/jeffdoan/Projects/nvm/v0.10.36/lib/node_modules/npm/node_modules/read-package-json/read-json.js:126:33)
5 error     at /Users/jeffdoan/Projects/nvm/v0.10.36/lib/node_modules/npm/node_modules/read-package-json/read-json.js:331:40
5 error     at evalmachine.<anonymous>:272:14
5 error     at /Users/jeffdoan/Projects/nvm/v0.10.36/lib/node_modules/npm/node_modules/graceful-fs/graceful-fs.js:102:5
6 error If you need help, you may report this *entire* log,
6 error including the npm and node versions, at:
6 error     <http://github.com/npm/npm/issues>
7 error System Darwin 14.0.0
8 error command "/Users/jeffdoan/Projects/nvm/v0.10.36/bin/node" "/Users/jeffdoan/Projects/nvm/v0.10.36/bin/npm" "install"
9 error cwd /Users/jeffdoan/projects/personal/jekyll-starter-kit
10 error node -v v0.10.36
11 error npm -v 1.4.28
12 verbose exit [ 1, true ]
